Traceback (most recent call last):
  File "/usr/lib/python3.10/site-packages/django/core/handlers/base.py", line 100, in get_response
    response = wrapped_callback(request, *callback_args, **callback_kwargs)
  File "/usr/lib/python3.10/site-packages/django/core/handlers/base.py", line 101, in get_response
    response = wrapped_callback(request, *callback_args, **callback_kwargs)
  File "/usr/lib/python3.10/site-packages/django/core/handlers/base.py", line 102, in get_response
    response = wrapped_callback(request, *callback_args, **callback_kwargs)
  File "/usr/lib/python3.10/site-packages/django/core/handlers/base.py", line 103, in get_response
    response = wrapped_callback(request, *callback_args, **callback_kwargs)
  File "/usr/lib/python3.10/site-packages/django/core/handlers/base.py", line 104, in get_response
    response = wrapped_callback(request, *callback_args, **callback_kwargs)
  File "/usr/lib/python3.10/site-packages/django/core/handlers/base.py", line 105, in get_response
    response = wrapped_callback(request, *callback_args, **callback_kwargs)
  File "/usr/lib/python3.10/site-packages/django/core/handlers/base.py", line 106, in get_response
    response = wrapped_callback(request, *callback_args, **callback_kwargs)
  File "/usr/lib/python3.10/site-packages/django/core/handlers/base.py", line 107, in get_response
    response = wrapped_callback(request, *callback_args, **callback_kwargs)
  File "/usr/lib/python3.10/site-packages/django/core/handlers/base.py", line 108, in get_response
    response = wrapped_callback(request, *callback_args, **callback_kwargs)
  File "/usr/lib/python3.10/site-packages/django/core/handlers/base.py", line 109, in get_response
    response = wrapped_callback(request, *callback_args, **callback_kwargs)
  File "/usr/lib/python3.10/site-packages/django/core/handlers/base.py", line 110, in get_response
    response = wrapped_callback(request, *callback_args, **callback_kwargs)
  File "/usr/lib/python3.10/site-packages/django/core/handlers/base.py", line 111, in get_response
    response = wrapped_callback(request, *callback_args, **callback_kwargs)
  File "/usr/lib/python3.10/site-packages/django/core/handlers/base.py", line 112, in get_response
    response = wrapped_callback(request, *callback_args, **callback_kwargs)
  File "/usr/lib/python3.10/site-packages/django/core/handlers/base.py", line 113, in get_response
    response = wrapped_callback(request, *callback_args, **callback_kwargs)
  File "/usr/lib/python3.10/site-packages/django/core/handlers/base.py", line 114, in get_response
    response = wrapped_callback(request, *callback_args, **callback_kwargs)
  File "/usr/lib/python3.10/site-packages/django/core/handlers/base.py", line 115, in get_response
    response = wrapped_callback(request, *callback_args, **callback_kwargs)
  File "/usr/lib/python3.10/site-packages/django/core/handlers/base.py", line 116, in get_response
    response = wrapped_callback(request, *callback_args, **callback_kwargs)
  File "/usr/lib/python3.10/site-packages/django/core/handlers/base.py", line 117, in get_response
    response = wrapped_callback(request, *callback_args, **callback_kwargs)
  File "/usr/lib/python3.10/site-packages/django/core/handlers/base.py", line 118, in get_response
    response = wrapped_callback(request, *callback_args, **callback_kwargs)
  File "/usr/lib/python3.10/site-packages/django/core/handlers/base.py", line 119, in get_response
    response = wrapped_callback(request, *callback_args, **callback_kwargs)
  File "/usr/lib/python3.10/site-packages/django/core/handlers/base.py", line 120, in get_response
    response = wrapped_callback(request, *callback_args, **callback_kwargs)
  File "/usr/lib/python3.10/site-packages/django/core/handlers/base.py", line 121, in get_response
    response = wrapped_callback(request, *callback_args, **callback_kwargs)
  File "/usr/lib/python3.10/site-packages/django/core/handlers/base.py", line 122, in get_response
    response = wrapped_callback(request, *callback_args, **callback_kwargs)
  File "/usr/lib/python3.10/site-packages/django/core/handlers/base.py", line 123, in get_response
    response = wrapped_callback(request, *callback_args, **callback_kwargs)
  File "/usr/lib/python3.10/site-packages/django/core/handlers/base.py", line 124, in get_response
    response = wrapped_callback(request, *callback_args, **callback_kwargs)
  File "/usr/lib/python3.10/site-packages/django/core/handlers/base.py", line 125, in get_response
    response = wrapped_callback(request, *callback_args, **callback_kwargs)
  File "/usr/lib/python3.10/site-packages/django/core/handlers/base.py", line 126, in get_response
    response = wrapped_callback(request, *callback_args, **callback_kwargs)
  File "/usr/lib/python3.10/site-packages/django/core/handlers/base.py", line 127, in get_response
    response = wrapped_callback(request, *callback_args, **callback_kwargs)
  File "/usr/lib/python3.10/site-packages/django/core/handlers/base.py", line 128, in get_response
    response = wrapped_callback(request, *callback_args, **callback_kwargs)
  File "/usr/lib/python3.10/site-packages/django/core/handlers/base.py", line 129, in get_response
    response = wrapped_callback(request, *callback_args, **callback_kwargs)
  File "/usr/lib/python3.10/site-packages/django/core/handlers/base.py", line 130, in get_response
    response = wrapped_callback(request, *callback_args, **callback_kwargs)
  File "/usr/lib/python3.10/site-packages/django/core/handlers/base.py", line 131, in get_response
    response = wrapped_callback(request, *callback_args, **callback_kwargs)
  File "/usr/lib/python3.10/site-packages/django/core/handlers/base.py", line 132, in get_response
    response = wrapped_callback(request, *callback_args, **callback_kwargs)
  File "/usr/lib/python3.10/site-packages/django/core/handlers/base.py", line 133, in get_response
    response = wrapped_callback(request, *callback_args, **callback_kwargs)
  File "/usr/lib/python3.10/site-packages/django/core/handlers/base.py", line 134, in get_response
    response = wrapped_callback(request, *callback_args, **callback_kwargs)
  File "/usr/lib/python3.10/site-packages/django/core/handlers/base.py", line 135, in get_response
    response = wrapped_callback(request, *callback_args, **callback_kwargs)
  File "/usr/lib/python3.10/site-packages/django/core/handlers/base.py", line 136, in get_response
    response = wrapped_callback(request, *callback_args, **callback_kwargs)
  File "/usr/lib/python3.10/site-packages/django/core/handlers/base.py", line 137, in get_response
    response = wrapped_callback(request, *callback_args, **callback_kwargs)
  File "/usr/lib/python3.10/site-packages/django/core/handlers/base.py", line 138, in get_response
    response = wrapped_callback(request, *callback_args, **callback_kwargs)
  File "/usr/lib/python3.10/site-packages/django/core/handlers/base.py", line 139, in get_response
    response = wrapped_callback(request, *callback_args, **callback_kwargs)
  File "/usr/lib/python3.10/site-packages/django/core/handlers/base.py", line 140, in get_response
    response = wrapped_callback(request, *callback_args, **callback_kwargs)
  File "/usr/lib/python3.10/site-packages/django/core/handlers/base.py", line 141, in get_response
    response = wrapped_callback(request, *callback_args, **callback_kwargs)
  File "/usr/lib/python3.10/site-packages/django/core/handlers/base.py", line 142, in get_response
    response = wrapped_callback(request, *callback_args, **callback_kwargs)
  File "/usr/lib/python3.10/site-packages/django/core/handlers/base.py", line 143, in get_response
    response = wrapped_callback(request, *callback_args, **callback_kwargs)
  File "/usr/lib/python3.10/site-packages/django/core/handlers/base.py", line 144, in get_response
    response = wrapped_callback(request, *callback_args, **callback_kwargs)
  File "/usr/lib/python3.10/site-packages/django/core/handlers/base.py", line 145, in get_response
    response = wrapped_callback(request, *callback_args, **callback_kwargs)
  File "/usr/lib/python3.10/site-packages/django/core/handlers/base.py", line 146, in get_response
    response = wrapped_callback(request, *callback_args, **callback_kwargs)
  File "/usr/lib/python3.10/site-packages/django/core/handlers/base.py", line 147, in get_response
    response = wrapped_callback(request, *callback_args, **callback_kwargs)
  File "/usr/lib/python3.10/site-packages/django/core/handlers/base.py", line 148, in get_response
    response = wrapped_callback(request, *callback_args, **callback_kwargs)
  File "/usr/lib/python3.10/site-packages/django/core/handlers/base.py", line 149, in get_response
    response = wrapped_callback(request, *callback_args, **callback_kwargs)
  File "/usr/lib/python3.10/site-packages/django/core/handlers/base.py", line 150, in get_response
    response = wrapped_callback(request, *callback_args, **callback_kwargs)
  File "/usr/lib/python3.10/site-packages/django/core/handlers/base.py", line 151, in get_response
    response = wrapped_callback(request, *callback_args, **callback_kwargs)
  File "/usr/lib/python3.10/site-packages/django/core/handlers/base.py", line 152, in get_response
    response = wrapped_callback(request, *callback_args, **callback_kwargs)
  File "/usr/lib/python3.10/site-packages/django/core/handlers/base.py", line 153, in get_response
    response = wrapped_callback(request, *callback_args, **callback_kwargs)
  File "/usr/lib/python3.10/site-packages/django/core/handlers/base.py", line 154, in get_response
    response = wrapped_callback(request, *callback_args, **callback_kwargs)
  File "/usr/lib/python3.10/site-packages/django/core/handlers/base.py", line 155, in get_response
    response = wrapped_callback(request, *callback_args, **callback_kwargs)
  File "/usr/lib/python3.10/site-packages/django/core/handlers/base.py", line 156, in get_response
    response = wrapped_callback(request, *callback_args, **callback_kwargs)
  File "/usr/lib/python3.10/site-packages/django/core/handlers/base.py", line 157, in get_response
    response = wrapped_callback(request, *callback_args, **callback_kwargs)
  File "/usr/lib/python3.10/site-packages/django/core/handlers/base.py", line 158, in get_response
    response = wrapped_callback(request, *callback_args, **callback_kwargs)
  File "/usr/lib/python3.10/site-packages/django/core/handlers/base.py", line 159, in get_response
    response = wrapped_callback(request, *callback_args, **callback_kwargs)
  File "/usr/lib/python3.10/site-packages/django/core/handlers/base.py", line 160, in get_response
    response = wrapped_callback(request, *callback_args, **callback_kwargs)
  File "/usr/lib/python3.10/site-packages/django/core/handlers/base.py", line 161, in get_response
    response = wrapped_callback(request, *callback_args, **callback_kwargs)
  File "/usr/lib/python3.10/site-packages/django/core/handlers/base.py", line 162, in get_response
    response = wrapped_callback(request, *callback_args, **callback_kwargs)
  File "/usr/lib/python3.10/site-packages/django/core/handlers/base.py", line 163, in get_response
    response = wrapped_callback(request, *callback_args, **callback_kwargs)
  File "/usr/lib/python3.10/site-packages/django/core/handlers/base.py", line 164, in get_response
    response = wrapped_callback(request, *callback_args, **callback_kwargs)
  File "/usr/lib/python3.10/site-packages/django/core/handlers/base.py", line 165, in get_response
    response = wrapped_callback(request, *callback_args, **callback_kwargs)
  File "/usr/lib/python3.10/site-packages/django/core/handlers/base.py", line 166, in get_response
    response = wrapped_callback(request, *callback_args, **callback_kwargs)
  File "/usr/lib/python3.10/site-packages/django/core/handlers/base.py", line 167, in get_response
    response = wrapped_callback(request, *callback_args, **callback_kwargs)
  File "/usr/lib/python3.10/site-packages/django/core/handlers/base.py", line 168, in get_response
    response = wrapped_callback(request, *callback_args, **callback_kwargs)
  File "/usr/lib/python3.10/site-packages/django/core/handlers/base.py", line 169, in get_response
    response = wrapped_callback(request, *callback_args, **callback_kwargs)
  File "/usr/lib/python3.10/site-packages/django/core/handlers/base.py", line 170, in get_response
    response = wrapped_callback(request, *callback_args, **callback_kwargs)
  File "/usr/lib/python3.10/site-packages/django/core/handlers/base.py", line 171, in get_response
    response = wrapped_callback(request, *callback_args, **callback_kwargs)
  File "/usr/lib/python3.10/site-packages/django/core/handlers/base.py", line 172, in get_response
    response = wrapped_callback(request, *callback_args, **callback_kwargs)
  File "/usr/lib/python3.10/site-packages/django/core/handlers/base.py", line 173, in get_response
    response = wrapped_callback(request, *callback_args, **callback_kwargs)
  File "/usr/lib/python3.10/site-packages/django/core/handlers/base.py", line 174, in get_response
    response = wrapped_callback(request, *callback_args, **callback_kwargs)
  File "/usr/lib/python3.10/site-packages/django/core/handlers/base.py", line 175, in get_response
    response = wrapped_callback(request, *callback_args, **callback_kwargs)
  File "/usr/lib/python3.10/site-packages/django/core/handlers/base.py", line 176, in get_response
    response = wrapped_callback(request, *callback_args, **callback_kwargs)
  File "/usr/lib/python3.10/site-packages/django/core/handlers/base.py", line 177, in get_response
    response = wrapped_callback(request, *callback_args, **callback_kwargs)
  File "/usr/lib/python3.10/site-packages/django/core/handlers/base.py", line 178, in get_response
    response = wrapped_callback(request, *callback_args, **callback_kwargs)
  File "/usr/lib/python3.10/site-packages/django/core/handlers/base.py", line 179, in get_response
    response = wrapped_callback(request, *callback_args, **callback_kwargs)
  File "/usr/lib/python3.10/site-packages/django/core/handlers/base.py", line 180, in get_response
    response = wrapped_callback(request, *callback_args, **callback_kwargs)
  File "/usr/lib/python3.10/site-packages/django/core/handlers/base.py", line 181, in get_response
    response = wrapped_callback(request, *callback_args, **callback_kwargs)
  File "/usr/lib/python3.10/site-packages/django/core/handlers/base.py", line 182, in get_response
    response = wrapped_callback(request, *callback_args, **callback_kwargs)
  File "/usr/lib/python3.10/site-packages/django/core/handlers/base.py", line 183, in get_response
    response = wrapped_callback(request, *callback_args, **callback_kwargs)
  File "/usr/lib/python3.10/site-packages/django/core/handlers/base.py", line 184, in get_response
    response = wrapped_callback(request, *callback_args, **callback_kwargs)
  File "/usr/lib/python3.10/site-packages/django/core/handlers/base.py", line 185, in get_response
    response = wrapped_callback(request, *callback_args, **callback_kwargs)
  File "/usr/lib/python3.10/site-packages/django/core/handlers/base.py", line 186, in get_response
    response = wrapped_callback(request, *callback_args, **callback_kwargs)
  File "/usr/lib/python3.10/site-packages/django/core/handlers/base.py", line 187, in get_response
    response = wrapped_callback(request, *callback_args, **callback_kwargs)
  File "/usr/lib/python3.10/site-packages/django/core/handlers/base.py", line 188, in get_response
    response = wrapped_callback(request, *callback_args, **callback_kwargs)
  File "/usr/lib/python3.10/site-packages/django/core/handlers/base.py", line 189, in get_response
    response = wrapped_callback(request, *callback_args, **callback_kwargs)
  File "/usr/lib/python3.10/site-packages/django/core/handlers/base.py", line 190, in get_response
    response = wrapped_callback(request, *callback_args, **callback_kwargs)
  File "/usr/lib/python3.10/site-packages/django/core/handlers/base.py", line 191, in get_response
    response = wrapped_callback(request, *callback_args, **callback_kwargs)
  File "/usr/lib/python3.10/site-packages/django/core/handlers/base.py", line 192, in get_response
    response = wrapped_callback(request, *callback_args, **callback_kwargs)
  File "/usr/lib/python3.10/site-packages/django/core/handlers/base.py", line 193, in get_response
    response = wrapped_callback(request, *callback_args, **callback_kwargs)
  File "/usr/lib/python3.10/site-packages/django/core/handlers/base.py", line 194, in get_response
    response = wrapped_callback(request, *callback_args, **callback_kwargs)
  File "/usr/lib/python3.10/site-packages/django/core/handlers/base.py", line 195, in get_response
    response = wrapped_callback(request, *callback_args, **callback_kwargs)
  File "/usr/lib/python3.10/site-packages/django/core/handlers/base.py", line 196, in get_response
    response = wrapped_callback(request, *callback_args, **callback_kwargs)
  File "/usr/lib/python3.10/site-packages/django/core/handlers/base.py", line 197, in get_response
    response = wrapped_callback(request, *callback_args, **callback_kwargs)
  File "/usr/lib/python3.10/site-packages/django/core/handlers/base.py", line 198, in get_response
    response = wrapped_callback(request, *callback_args, **callback_kwargs)
  File "/usr/lib/python3.10/site-packages/django/core/handlers/base.py", line 199, in get_response
    response = wrapped_callback(request, *callback_args, **callback_kwargs)
  File "/usr/lib/python3.10/site-packages/django/core/handlers/base.py", line 200, in get_response
    response = wrapped_callback(request, *callback_args, **callback_kwargs)
  File "/usr/lib/python3.10/site-packages/django/core/handlers/base.py", line 201, in get_response
    response = wrapped_callback(request, *callback_args, **callback_kwargs)
  File "/usr/lib/python3.10/site-packages/django/core/handlers/base.py", line 202, in get_response
    response = wrapped_callback(request, *callback_args, **callback_kwargs)
  File "/usr/lib/python3.10/site-packages/django/core/handlers/base.py", line 203, in get_response
    response = wrapped_callback(request, *callback_args, **callback_kwargs)
  File "/usr/lib/python3.10/site-packages/django/core/handlers/base.py", line 204, in get_response
    response = wrapped_callback(request, *callback_args, **callback_kwargs)
  File "/usr/lib/python3.10/site-packages/django/core/handlers/base.py", line 205, in get_response
    response = wrapped_callback(request, *callback_args, **callback_kwargs)
  File "/usr/lib/python3.10/site-packages/django/core/handlers/base.py", line 206, in get_response
    response = wrapped_callback(request, *callback_args, **callback_kwargs)
  File "/usr/lib/python3.10/site-packages/django/core/handlers/base.py", line 207, in get_response
    response = wrapped_callback(request, *callback_args, **callback_kwargs)
  File "/usr/lib/python3.10/site-packages/django/core/handlers/base.py", line 208, in get_response
    response = wrapped_callback(request, *callback_args, **callback_kwargs)
  File "/usr/lib/python3.10/site-packages/django/core/handlers/base.py", line 209, in get_response
    response = wrapped_callback(request, *callback_args, **callback_kwargs)
  File "/usr/lib/python3.10/site-packages/django/core/handlers/base.py", line 210, in get_response
    response = wrapped_callback(request, *callback_args, **callback_kwargs)
  File "/usr/lib/python3.10/site-packages/django/core/handlers/base.py", line 211, in get_response
    response = wrapped_callback(request, *callback_args, **callback_kwargs)
  File "/usr/lib/python3.10/site-packages/django/core/handlers/base.py", line 212, in get_response
    response = wrapped_callback(request, *callback_args, **callback_kwargs)
  File "/usr/lib/python3.10/site-packages/django/core/handlers/base.py", line 213, in get_response
    response = wrapped_callback(request, *callback_args, **callback_kwargs)
  File "/usr/lib/python3.10/site-packages/django/core/handlers/base.py", line 214, in get_response
    response = wrapped_callback(request, *callback_args, **callback_kwargs)
  File "/usr/lib/python3.10/site-packages/django/core/handlers/base.py", line 215, in get_response
    response = wrapped_callback(request, *callback_args, **callback_kwargs)
  File "/usr/lib/python3.10/site-packages/django/core/handlers/base.py", line 216, in get_response
    response = wrapped_callback(request, *callback_args, **callback_kwargs)
  File "/usr/lib/python3.10/site-packages/django/core/handlers/base.py", line 217, in get_response
    response = wrapped_callback(request, *callback_args, **callback_kwargs)
  File "/usr/lib/python3.10/site-packages/django/core/handlers/base.py", line 218, in get_response
    response = wrapped_callback(request, *callback_args, **callback_kwargs)
  File "/usr/lib/python3.10/site-packages/django/core/handlers/base.py", line 219, in get_response
    response = wrapped_callback(request, *callback_args, **callback_kwargs)
  File "/usr/lib/python3.10/site-packages/django/core/handlers/base.py", line 220, in get_response
    response = wrapped_callback(request, *callback_args, **callback_kwargs)
  File "/usr/lib/python3.10/site-packages/django/core/handlers/base.py", line 221, in get_response
    response = wrapped_callback(request, *callback_args, **callback_kwargs)
  File "/usr/lib/python3.10/site-packages/django/core/handlers/base.py", line 222, in get_response
    response = wrapped_callback(request, *callback_args, **callback_kwargs)
  File "/usr/lib/python3.10/site-packages/django/core/handlers/base.py", line 223, in get_response
    response = wrapped_callback(request, *callback_args, **callback_kwargs)
  File "/usr/lib/python3.10/site-packages/django/core/handlers/base.py", line 224, in get_response
    response = wrapped_callback(request, *callback_args, **callback_kwargs)
  File "/usr/lib/python3.10/site-packages/django/core/handlers/base.py", line 225, in get_response
    response = wrapped_callback(request, *callback_args, **callback_kwargs)
  File "/usr/lib/python3.10/site-packages/django/core/handlers/base.py", line 226, in get_response
    response = wrapped_callback(request, *callback_args, **callback_kwargs)
  File "/usr/lib/python3.10/site-packages/django/core/handlers/base.py", line 227, in get_response
    response = wrapped_callback(request, *callback_args, **callback_kwargs)
  File "/usr/lib/python3.10/site-packages/django/core/handlers/base.py", line 228, in get_response
    response = wrapped_callback(request, *callback_args, **callback_kwargs)
  File "/usr/lib/python3.10/site-packages/django/core/handlers/base.py", line 229, in get_response
    response = wrapped_callback(request, *callback_args, **callback_kwargs)
  File "/usr/lib/python3.10/site-packages/django/core/handlers/base.py", line 230, in get_response
    response = wrapped_callback(request, *callback_args, **callback_kwargs)
  File "/usr/lib/python3.10/site-packages/django/core/handlers/base.py", line 231, in get_response
    response = wrapped_callback(request, *callback_args, **callback_kwargs)
  File "/usr/lib/python3.10/site-packages/django/core/handlers/base.py", line 232, in get_response
    response = wrapped_callback(request, *callback_args, **callback_kwargs)
  File "/usr/lib/python3.10/site-packages/django/core/handlers/base.py", line 233, in get_response
    response = wrapped_callback(request, *callback_args, **callback_kwargs)
  File "/usr/lib/python3.10/site-packages/django/core/handlers/base.py", line 234, in get_response
    response = wrapped_callback(request, *callback_args, **callback_kwargs)
  File "/usr/lib/python3.10/site-packages/django/core/handlers/base.py", line 235, in get_response
    response = wrapped_callback(request, *callback_args, **callback_kwargs)
  File "/usr/lib/python3.10/site-packages/django/core/handlers/base.py", line 236, in get_response
    response = wrapped_callback(request, *callback_args, **callback_kwargs)
  File "/usr/lib/python3.10/site-packages/django/core/handlers/base.py", line 237, in get_response
    response = wrapped_callback(request, *callback_args, **callback_kwargs)
  File "/usr/lib/python3.10/site-packages/django/core/handlers/base.py", line 238, in get_response
    response = wrapped_callback(request, *callback_args, **callback_kwargs)
  File "/usr/lib/python3.10/site-packages/django/core/handlers/base.py", line 239, in get_response
    response = wrapped_callback(request, *callback_args, **callback_kwargs)
  File "/usr/lib/python3.10/site-packages/django/core/handlers/base.py", line 240, in get_response
    response = wrapped_callback(request, *callback_args, **callback_kwargs)
  File "/usr/lib/python3.10/site-packages/django/core/handlers/base.py", line 241, in get_response
    response = wrapped_callback(request, *callback_args, **callback_kwargs)
  File "/usr/lib/python3.10/site-packages/django/core/handlers/base.py", line 242, in get_response
    response = wrapped_callback(request, *callback_args, **callback_kwargs)
  File "/usr/lib/python3.10/site-packages/django/core/handlers/base.py", line 243, in get_response
    response = wrapped_callback(request, *callback_args, **callback_kwargs)
  File "/usr/lib/python3.10/site-packages/django/core/handlers/base.py", line 244, in get_response
    response = wrapped_callback(request, *callback_args, **callback_kwargs)
  File "/usr/lib/python3.10/site-packages/django/core/handlers/base.py", line 245, in get_response
    response = wrapped_callback(request, *callback_args, **callback_kwargs)
  File "/usr/lib/python3.10/site-packages/django/core/handlers/base.py", line 246, in get_response
    response = wrapped_callback(request, *callback_args, **callback_kwargs)
  File "/usr/lib/python3.10/site-packages/django/core/handlers/base.py", line 247, in get_response
    response = wrapped_callback(request, *callback_args, **callback_kwargs)
  File "/usr/lib/python3.10/site-packages/django/core/handlers/base.py", line 248, in get_response
    response = wrapped_callback(request, *callback_args, **callback_kwargs)
  File "/usr/lib/python3.10/site-packages/django/core/handlers/base.py", line 249, in get_response
    response = wrapped_callback(request, *callback_args, **callback_kwargs)
  File "/usr/lib/python3.10/site-packages/django/core/handlers/base.py", line 250, in get_response
    response = wrapped_callback(request, *callback_args, **callback_kwargs)
  File "/usr/lib/python3.10/site-packages/django/core/handlers/base.py", line 251, in get_response
    response = wrapped_callback(request, *callback_args, **callback_kwargs)
  File "/usr/lib/python3.10/site-packages/django/core/handlers/base.py", line 252, in get_response
    response = wrapped_callback(request, *callback_args, **callback_kwargs)
  File "/usr/lib/python3.10/site-packages/django/core/handlers/base.py", line 253, in get_response
    response = wrapped_callback(request, *callback_args, **callback_kwargs)
  File "/usr/lib/python3.10/site-packages/django/core/handlers/base.py", line 254, in get_response
    response = wrapped_callback(request, *callback_args, **callback_kwargs)
  File "/usr/lib/python3.10/site-packages/django/core/handlers/base.py", line 255, in get_response
    response = wrapped_callback(request, *callback_args, **callback_kwargs)
  File "/usr/lib/python3.10/site-packages/django/core/handlers/base.py", line 256, in get_response
    response = wrapped_callback(request, *callback_args, **callback_kwargs)
  File "/usr/lib/python3.10/site-packages/django/core/handlers/base.py", line 257, in get_response
    response = wrapped_callback(request, *callback_args, **callback_kwargs)
  File "/usr/lib/python3.10/site-packages/django/core/handlers/base.py", line 258, in get_response
    response = wrapped_callback(request, *callback_args, **callback_kwargs)
  File "/usr/lib/python3.10/site-packages/django/core/handlers/base.py", line 259, in get_response
    response = wrapped_callback(request, *callback_args, **callback_kwargs)
  File "/usr/lib/python3.10/site-packages/django/core/handlers/base.py", line 260, in get_response
    response = wrapped_callback(request, *callback_args, **callback_kwargs)
  File "/usr/lib/python3.10/site-packages/django/core/handlers/base.py", line 261, in get_response
    response = wrapped_callback(request, *callback_args, **callback_kwargs)
  File "/usr/lib/python3.10/site-packages/django/core/handlers/base.py", line 262, in get_response
    response = wrapped_callback(request, *callback_args, **callback_kwargs)
  File "/usr/lib/python3.10/site-packages/django/core/handlers/base.py", line 263, in get_response
    response = wrapped_callback(request, *callback_args, **callback_kwargs)
  File "/usr/lib/python3.10/site-packages/django/core/handlers/base.py", line 264, in get_response
    response = wrapped_callback(request, *callback_args, **callback_kwargs)
  File "/usr/lib/python3.10/site-packages/django/core/handlers/base.py", line 265, in get_response
    response = wrapped_callback(request, *callback_args, **callback_kwargs)
  File "/usr/lib/python3.10/site-packages/django/core/handlers/base.py", line 266, in get_response
    response = wrapped_callback(request, *callback_args, **callback_kwargs)
  File "/usr/lib/python3.10/site-packages/django/core/handlers/base.py", line 267, in get_response
    response = wrapped_callback(request, *callback_args, **callback_kwargs)
  File "/usr/lib/python3.10/site-packages/django/core/handlers/base.py", line 268, in get_response
    response = wrapped_callback(request, *callback_args, **callback_kwargs)
  File "/usr/lib/python3.10/site-packages/django/core/handlers/base.py", line 269, in get_response
    response = wrapped_callback(request, *callback_args, **callback_kwargs)
  File "/usr/lib/python3.10/site-packages/django/core/handlers/base.py", line 270, in get_response
    response = wrapped_callback(request, *callback_args, **callback_kwargs)
  File "/usr/lib/python3.10/site-packages/django/core/handlers/base.py", line 271, in get_response
    response = wrapped_callback(request, *callback_args, **callback_kwargs)
  File "/usr/lib/python3.10/site-packages/django/core/handlers/base.py", line 272, in get_response
    response = wrapped_callback(request, *callback_args, **callback_kwargs)
  File "/usr/lib/python3.10/site-packages/django/core/handlers/base.py", line 273, in get_response
    response = wrapped_callback(request, *callback_args, **callback_kwargs)
  File "/usr/lib/python3.10/site-packages/django/core/handlers/base.py", line 274, in get_response
    response = wrapped_callback(request, *callback_args, **callback_kwargs)
  File "/usr/lib/python3.10/site-packages/django/core/handlers/base.py", line 275, in get_response
    response = wrapped_callback(request, *callback_args, **callback_kwargs)
  File "/usr/lib/python3.10/site-packages/django/core/handlers/base.py", line 276, in get_response
    response = wrapped_callback(request, *callback_args, **callback_kwargs)
  File "/usr/lib/python3.10/site-packages/django/core/handlers/base.py", line 277, in get_response
    response = wrapped_callback(request, *callback_args, **callback_kwargs)
  File "/usr/lib/python3.10/site-packages/django/core/handlers/base.py", line 278, in get_response
    response = wrapped_callback(request, *callback_args, **callback_kwargs)
  File "/usr/lib/python3.10/site-packages/django/core/handlers/base.py", line 279, in get_response
    response = wrapped_callback(request, *callback_args, **callback_kwargs)
  File "/usr/lib/python3.10/site-packages/django/core/handlers/base.py", line 280, in get_response
    response = wrapped_callback(request, *callback_args, **callback_kwargs)
  File "/usr/lib/python3.10/site-packages/django/core/handlers/base.py", line 281, in get_response
    response = wrapped_callback(request, *callback_args, **callback_kwargs)
  File "/usr/lib/python3.10/site-packages/django/core/handlers/base.py", line 282, in get_response
    response = wrapped_callback(request, *callback_args, **callback_kwargs)
  File "/usr/lib/python3.10/site-packages/django/core/handlers/base.py", line 283, in get_response
    response = wrapped_callback(request, *callback_args, **callback_kwargs)
  File "/usr/lib/python3.10/site-packages/django/core/handlers/base.py", line 284, in get_response
    response = wrapped_callback(request, *callback_args, **callback_kwargs)
  File "/usr/lib/python3.10/site-packages/django/core/handlers/base.py", line 285, in get_response
    response = wrapped_callback(request, *callback_args, **callback_kwargs)
  File "/usr/lib/python3.10/site-packages/django/core/handlers/base.py", line 286, in get_response
    response = wrapped_callback(request, *callback_args, **callback_kwargs)
  File "/usr/lib/python3.10/site-packages/django/core/handlers/base.py", line 287, in get_response
    response = wrapped_callback(request, *callback_args, **callback_kwargs)
  File "/usr/lib/python3.10/site-packages/django/core/handlers/base.py", line 288, in get_response
    response = wrapped_callback(request, *callback_args, **callback_kwargs)
  File "/usr/lib/python3.10/site-packages/django/core/handlers/base.py", line 289, in get_response
    response = wrapped_callback(request, *callback_args, **callback_kwargs)
  File "/Users/yourname/projects/my_app/views.py", line 42, in index_view
    user_profile = User.objects.get(id=current_user.id)
NameError: name 'current_user' is not defined
